<?xml version="1.0" encoding="UTF-8"?>
<testng-results skipped="0" failed="0" ignored="0" total="1" passed="1">
  <reporter-output>
  </reporter-output>
  <suite name="Default suite" duration-ms="76" started-at="2022-05-07T12:31:22 IST" finished-at="2022-05-07T12:31:22 IST">
    <groups>
    </groups>
    <test name="Default test" duration-ms="76" started-at="2022-05-07T12:31:22 IST" finished-at="2022-05-07T12:31:22 IST">
      <class name="com.homePractice.PrintWorldTest">
        <test-method status="PASS" signature="m1()[pri:0, instance:com.homePractice.PrintWorldTest@2353b3e6]" name="m1" duration-ms="15" started-at="2022-05-07T12:31:22 IST" finished-at="2022-05-07T12:31:22 IST">
          <reporter-output>
          </reporter-output>
        </test-method> <!-- m1 -->
      </class> <!-- com.homePractice.PrintWorldTest -->
    </test> <!-- Default test -->
  </suite> <!-- Default suite -->
</testng-results>
